| Sat Dec  9 15:34:58 2017 | 265004005    | Makin Eugen | 265004005 | Главное меню 🏠 
| Sat Dec  9 15:35:02 2017 | 265004005    | Makin Eugen | 265004005 | Погода ☔ 
| Sat Dec  9 15:35:03 2017 | 265004005    | Makin Eugen | 265004005 | Tomorrow's morning 
| Sat Dec  9 15:48:10 2017 | 265004005    | Makin Eugen | 265004005 | Главное меню 🏠 
| Sat Dec  9 15:48:11 2017 | 265004005    | Makin Eugen | 265004005 | Наши организации на карте 🗺 
| Sat Dec  9 15:48:14 2017 | 265004005    | Makin Eugen | 265004005 | None 
| Sat Dec  9 15:49:09 2017 | 265004005    | Makin Eugen | 265004005 | Главное меню 🏠 
| Sat Dec  9 15:49:10 2017 | 265004005    | Makin Eugen | 265004005 | Погода ☔ 
| Sat Dec  9 15:49:11 2017 | 265004005    | Makin Eugen | 265004005 | Главное меню 🏠 
| Sat Dec  9 15:49:12 2017 | 265004005    | Makin Eugen | 265004005 | Наши организации на карте 🗺 
| Sat Dec  9 15:49:16 2017 | 265004005    | Makin Eugen | 265004005 | None 
| Sat Dec  9 15:49:22 2017 | 265004005    | Makin Eugen | 265004005 | Главное меню 🏠 
| Sat Dec  9 15:49:26 2017 | 265004005    | Makin Eugen | 265004005 | Наши организации на карте 🗺 
| Sat Dec  9 15:49:33 2017 | 265004005    | Makin Eugen | 265004005 | None 
| Sat Dec  9 15:50:17 2017 | 265004005    | Makin Eugen | 265004005 | Главное меню 🏠 
| Sat Dec  9 15:50:19 2017 | 265004005    | Makin Eugen | 265004005 | Наши организации на карте 🗺 
| Sat Dec  9 15:50:20 2017 | 265004005    | Makin Eugen | 265004005 | Главное меню 🏠 
| Sat Dec  9 15:50:21 2017 | 265004005    | Makin Eugen | 265004005 | Погода ☔ 
| Sat Dec  9 15:50:22 2017 | 265004005    | Makin Eugen | 265004005 | Later 
| Sat Dec  9 15:50:27 2017 | 265004005    | Makin Eugen | 265004005 | None 
| Sat Dec  9 15:50:31 2017 | 265004005    | Makin Eugen | 265004005 | Главное меню 🏠 
| Sat Dec  9 15:58:49 2017 | 265004005    | Makin Eugen | 265004005 | Погода ☔ 
| Sat Dec  9 15:58:50 2017 | 265004005    | Makin Eugen | 265004005 | Главное меню 🏠 
| Sat Dec  9 15:58:51 2017 | 265004005    | Makin Eugen | 265004005 | Наши организации на карте 🗺 
| Sat Dec  9 16:20:11 2017 | 265004005    | Makin Eugen | 265004005 | Главное меню 🏠 
| Sat Dec  9 16:20:13 2017 | 265004005    | Makin Eugen | 265004005 | Наши организации на карте 🗺 
| Sat Dec  9 16:20:15 2017 | 265004005    | Makin Eugen | 265004005 | None 
| Sat Dec  9 16:20:44 2017 | 265004005    | Makin Eugen | 265004005 | /start 
| Sat Dec  9 16:20:45 2017 | 265004005    | Makin Eugen | 265004005 | Наши организации на карте 🗺 
| Sat Dec  9 16:20:50 2017 | 265004005    | Makin Eugen | 265004005 | None 
| Sat Dec  9 16:22:42 2017 | 265004005    | Makin Eugen | 265004005 | Главное меню 🏠 
| Sat Dec  9 16:22:44 2017 | 265004005    | Makin Eugen | 265004005 | Наши организации на карте 🗺 
| Sat Dec  9 16:24:39 2017 | 265004005    | Makin Eugen | 265004005 | /start 
| Sat Dec  9 16:24:48 2017 | 265004005    | Makin Eugen | 265004005 | Наши организации на карте 🗺 
| Sat Dec  9 16:24:51 2017 | 265004005    | Makin Eugen | 265004005 | Главное меню 🏠 
| Sat Dec  9 16:24:52 2017 | 265004005    | Makin Eugen | 265004005 | Наши организации на карте 🗺 
| Sat Dec  9 16:26:23 2017 | 265004005    | Makin Eugen | 265004005 | Главное меню 🏠 
| Sat Dec  9 16:26:23 2017 | 265004005    | Makin Eugen | 265004005 | Главное меню 🏠 
| Sat Dec  9 16:26:23 2017 | 265004005    | Makin Eugen | 265004005 | None 
| Sat Dec  9 16:26:24 2017 | 265004005    | Makin Eugen | 265004005 | Наши организации на карте 🗺 
| Sat Dec  9 16:26:25 2017 | 265004005    | Makin Eugen | 265004005 | Клиники "Будь здоров" 🦋 
| Sat Dec  9 16:26:33 2017 | 265004005    | Makin Eugen | 265004005 | None 
| Sat Dec  9 16:27:45 2017 | 265004005    | Makin Eugen | 265004005 | /start 
| Sat Dec  9 16:27:47 2017 | 265004005    | Makin Eugen | 265004005 | Наши организации на карте 🗺 
| Sat Dec  9 16:27:51 2017 | 265004005    | Makin Eugen | 265004005 | None 
| Sat Dec  9 16:29:35 2017 | 265004005    | Makin Eugen | 265004005 | /start 
| Sat Dec  9 16:29:42 2017 | 265004005    | Makin Eugen | 265004005 | Наши организации на карте 🗺 
| Sat Dec  9 16:29:43 2017 | 265004005    | Makin Eugen | 265004005 | Клиники "Будь здоров" 🦋 
| Sat Dec  9 16:29:47 2017 | 265004005    | Makin Eugen | 265004005 | None 
| Sat Dec  9 16:30:14 2017 | 265004005    | Makin Eugen | 265004005 | /start 
| Sat Dec  9 16:30:16 2017 | 265004005    | Makin Eugen | 265004005 | Наши организации на карте 🗺 
| Sat Dec  9 16:30:26 2017 | 265004005    | Makin Eugen | 265004005 | Офисы Ингосстрах 🏦 
| Sat Dec  9 16:30:38 2017 | 265004005    | Makin Eugen | 265004005 | None 
| Sat Dec  9 16:31:40 2017 | 265004005    | Makin Eugen | 265004005 | Главное меню 🏠 
| Sat Dec  9 16:31:42 2017 | 265004005    | Makin Eugen | 265004005 | Наши организации на карте 🗺 
| Sat Dec  9 16:31:47 2017 | 265004005    | Makin Eugen | 265004005 | Клиники "Будь здоров" 🦋 
| Sat Dec  9 16:31:51 2017 | 265004005    | Makin Eugen | 265004005 | None 
| Sat Dec  9 16:35:45 2017 | 265004005    | Makin Eugen | 265004005 | /start 
| Sat Dec  9 16:35:47 2017 | 265004005    | Makin Eugen | 265004005 | Наши организации на карте 🗺 
| Sat Dec  9 16:35:50 2017 | 265004005    | Makin Eugen | 265004005 | Офисы Ингосстрах 🏦 
| Sat Dec  9 16:35:56 2017 | 265004005    | Makin Eugen | 265004005 | None 
| Sat Dec  9 16:36:15 2017 | 265004005    | Makin Eugen | 265004005 | Главное меню 🏠 
| Sat Dec  9 16:36:18 2017 | 265004005    | Makin Eugen | 265004005 | Наши организации на карте 🗺 
| Sat Dec  9 16:36:19 2017 | 265004005    | Makin Eugen | 265004005 | Другие медицинские учреждения рядом 🚑 
| Sat Dec  9 16:36:31 2017 | 265004005    | Makin Eugen | 265004005 | None 
| Sat Dec  9 16:37:02 2017 | 265004005    | Makin Eugen | 265004005 | Главное меню 🏠 
| Sat Dec  9 16:37:05 2017 | 265004005    | Makin Eugen | 265004005 | Наши организации на карте 🗺 
| Sat Dec  9 16:37:07 2017 | 265004005    | Makin Eugen | 265004005 | Клиники "Будь здоров" 🦋 
| Sat Dec  9 16:37:12 2017 | 265004005    | Makin Eugen | 265004005 | None 
| Sat Dec  9 16:41:44 2017 | 265004005    | Makin Eugen | 265004005 | Главное меню 🏠 
| Sat Dec  9 16:41:47 2017 | 265004005    | Makin Eugen | 265004005 | Наши организации на карте 🗺 
| Sat Dec  9 16:41:51 2017 | 265004005    | Makin Eugen | 265004005 | Клиники "Будь здоров" 🦋 
| Sat Dec  9 16:43:26 2017 | 265004005    | Makin Eugen | 265004005 | Главное меню 🏠 
| Sat Dec  9 16:43:28 2017 | 265004005    | Makin Eugen | 265004005 | Наши организации на карте 🗺 
| Sat Dec  9 16:43:30 2017 | 265004005    | Makin Eugen | 265004005 | Клиники "Будь здоров" 🦋 
| Sat Dec  9 16:43:35 2017 | 265004005    | Makin Eugen | 265004005 | None 
| Sat Dec  9 16:43:39 2017 | 265004005    | Makin Eugen | 265004005 | Главное меню 🏠 
| Sat Dec  9 16:44:35 2017 | 265004005    | Makin Eugen | 265004005 | Контакты ☎ 
| Sat Dec  9 16:44:37 2017 | 265004005    | Makin Eugen | 265004005 | Главное меню 🏠 
| Sat Dec  9 16:44:38 2017 | 265004005    | Makin Eugen | 265004005 | Наши организации на карте 🗺 
| Sat Dec  9 16:44:40 2017 | 265004005    | Makin Eugen | 265004005 | Клиники "Будь здоров" 🦋 
| Sat Dec  9 16:44:47 2017 | 265004005    | Makin Eugen | 265004005 | None 
| Sat Dec  9 16:45:02 2017 | 265004005    | Makin Eugen | 265004005 | Главное меню 🏠 
| Sat Dec  9 16:45:08 2017 | 265004005    | Makin Eugen | 265004005 | Наши организации на карте 🗺 
| Sat Dec  9 16:45:09 2017 | 265004005    | Makin Eugen | 265004005 | Другие медицинские учреждения рядом 🚑 
| Sat Dec  9 16:45:20 2017 | 265004005    | Makin Eugen | 265004005 | None 
| Sat Dec  9 16:56:58 2017 | 265004005    | Makin Eugen | 265004005 | Главное меню 🏠 
| Sat Dec  9 16:57:00 2017 | 265004005    | Makin Eugen | 265004005 | Наши организации на карте 🗺 
| Sat Dec  9 16:57:04 2017 | 265004005    | Makin Eugen | 265004005 | Клиники "Будь здоров" 🦋 
| Sat Dec  9 16:58:37 2017 | 265004005    | Makin Eugen | 265004005 | Главное меню 🏠 
| Sat Dec  9 16:59:19 2017 | 265004005    | Makin Eugen | 265004005 | Главное меню 🏠 
| Sat Dec  9 16:59:19 2017 | 265004005    | Makin Eugen | 265004005 | Клиники "Будь здоров" 🦋 
| Sat Dec  9 16:59:27 2017 | 265004005    | Makin Eugen | 265004005 | Главное меню 🏠 
| Sat Dec  9 16:59:33 2017 | 265004005    | Makin Eugen | 265004005 | Наши организации на карте 🗺 
| Sat Dec  9 16:59:35 2017 | 265004005    | Makin Eugen | 265004005 | Клиники "Будь здоров" 🦋 
| Sat Dec  9 16:59:39 2017 | 265004005    | Makin Eugen | 265004005 | None 
| Sat Dec  9 17:02:46 2017 | 265004005    | Makin Eugen | 265004005 | Главное меню 🏠 
| Sat Dec  9 17:02:54 2017 | 265004005    | Makin Eugen | 265004005 | Наши организации на карте 🗺 
| Sat Dec  9 17:02:55 2017 | 265004005    | Makin Eugen | 265004005 | Клиники "Будь здоров" 🦋 
| Sat Dec  9 17:03:01 2017 | 265004005    | Makin Eugen | 265004005 | None 
| Sat Dec  9 17:03:22 2017 | 265004005    | Makin Eugen | 265004005 | Главное меню 🏠 
| Sat Dec  9 17:03:26 2017 | 265004005    | Makin Eugen | 265004005 | Наши организации на карте 🗺 
| Sat Dec  9 17:03:30 2017 | 265004005    | Makin Eugen | 265004005 | Другие медицинские учреждения рядом 🚑 
| Sat Dec  9 17:03:38 2017 | 265004005    | Makin Eugen | 265004005 | None 
| Sat Dec  9 17:14:12 2017 | 265004005    | Makin Eugen | 265004005 | Главное меню 🏠 
| Sat Dec  9 17:14:14 2017 | 265004005    | Makin Eugen | 265004005 | Наши организации на карте 🗺 
| Sat Dec  9 17:14:15 2017 | 265004005    | Makin Eugen | 265004005 | Клиники "Будь здоров" 🦋 
| Sat Dec  9 17:15:59 2017 | 265004005    | Makin Eugen | 265004005 | Главное меню 🏠 
| Sat Dec  9 17:16:01 2017 | 265004005    | Makin Eugen | 265004005 | Наши организации на карте 🗺 
| Sat Dec  9 17:16:03 2017 | 265004005    | Makin Eugen | 265004005 | Клиники "Будь здоров" 🦋 
| Sat Dec  9 17:16:08 2017 | 265004005    | Makin Eugen | 265004005 | None 
| Sat Dec  9 17:16:17 2017 | 265004005    | Makin Eugen | 265004005 | Главное меню 🏠 
| Sat Dec  9 17:16:20 2017 | 265004005    | Makin Eugen | 265004005 | Наши организации на карте 🗺 
| Sat Dec  9 17:16:22 2017 | 265004005    | Makin Eugen | 265004005 | Офисы Ингосстрах 🏦 
| Sat Dec  9 17:16:32 2017 | 265004005    | Makin Eugen | 265004005 | None 
| Sat Dec  9 17:17:01 2017 | 265004005    | Makin Eugen | 265004005 | Главное меню 🏠 
| Sat Dec  9 17:22:24 2017 | 265004005    | Makin Eugen | 265004005 | Погода ☔ 
| Sat Dec  9 17:22:26 2017 | 265004005    | Makin Eugen | 265004005 | Now 
| Sat Dec  9 17:22:28 2017 | 265004005    | Makin Eugen | 265004005 | City 
| Sat Dec  9 17:22:38 2017 | 265004005    | Makin Eugen | 265004005 | Tuva 
| Sat Dec  9 17:22:53 2017 | 265004005    | Makin Eugen | 265004005 | Главное меню 🏠 
| Sat Dec  9 17:23:02 2017 | 265004005    | Makin Eugen | 265004005 | Наши организации на карте 🗺 
| Sat Dec  9 17:23:05 2017 | 265004005    | Makin Eugen | 265004005 | Клиники "Будь здоров" 🦋 
| Sat Dec  9 17:23:15 2017 | 265004005    | Makin Eugen | 265004005 | None 
| Sat Dec  9 17:23:19 2017 | 265004005    | Makin Eugen | 265004005 | Главное меню 🏠 
| Sat Dec  9 17:23:22 2017 | 265004005    | Makin Eugen | 265004005 | Наши организации на карте 🗺 
| Sat Dec  9 17:23:23 2017 | 265004005    | Makin Eugen | 265004005 | Другие медицинские учреждения рядом 🚑 
| Sat Dec  9 17:23:31 2017 | 265004005    | Makin Eugen | 265004005 | None 
| Sat Dec  9 17:23:42 2017 | 265004005    | Makin Eugen | 265004005 | Главное меню 🏠 
| Sat Dec  9 17:23:43 2017 | 265004005    | Makin Eugen | 265004005 | Наши организации на карте 🗺 
| Sat Dec  9 17:23:45 2017 | 265004005    | Makin Eugen | 265004005 | Офисы Ингосстрах 🏦 
| Sat Dec  9 17:23:52 2017 | 265004005    | Makin Eugen | 265004005 | None 
| Sat Dec  9 17:24:02 2017 | 265004005    | Makin Eugen | 265004005 | Главное меню 🏠 
| Sat Dec  9 17:24:06 2017 | 265004005    | Makin Eugen | 265004005 | Обратная связь 📝 
| Sat Dec  9 17:24:13 2017 | 265004005    | Makin Eugen | 265004005 | Оставить свои пожелания по работе бота 
| Sat Dec  9 17:24:17 2017 | 265004005    | Makin Eugen | 265004005 | Fsa 
| Sat Dec  9 17:39:01 2017 | 265004005    | Makin Eugen | 265004005 | Главное меню 🏠 
| Sat Dec  9 17:39:04 2017 | 265004005    | Makin Eugen | 265004005 | Обратная связь 📝 
| Sat Dec  9 17:39:09 2017 | 265004005    | Makin Eugen | 265004005 | Оставить свои пожелания по работе бота 
| Sat Dec  9 17:39:12 2017 | 265004005    | Makin Eugen | 265004005 | Etc 
| Sat Dec  9 17:39:49 2017 | 265004005    | Makin Eugen | 265004005 | Главное меню 🏠 
| Sat Dec  9 17:39:51 2017 | 265004005    | Makin Eugen | 265004005 | Наши организации на карте 🗺 
| Sat Dec  9 17:39:52 2017 | 265004005    | Makin Eugen | 265004005 | Главное меню 🏠 
| Sat Dec  9 17:39:56 2017 | 265004005    | Makin Eugen | 265004005 | Обратная связь 📝 
| Sat Dec  9 17:40:01 2017 | 265004005    | Makin Eugen | 265004005 | Оставить свои пожелания по работе чат-бота 
| Sat Dec  9 17:40:06 2017 | 265004005    | Makin Eugen | 265004005 | Норм 
| Sat Dec  9 17:40:09 2017 | 265004005    | Makin Eugen | 265004005 | Главное меню 🏠 
| Sat Dec  9 17:44:50 2017 | 265004005    | Makin Eugen | 265004005 | Главное меню 🏠 
| Sat Dec  9 17:46:34 2017 | 265004005    | Makin Eugen | 265004005 | Наши организации на карте 🗺 
| Sat Dec  9 17:46:36 2017 | 265004005    | Makin Eugen | 265004005 | Главное меню 🏠 
| Sat Dec  9 17:46:47 2017 | 265004005    | Makin Eugen | 265004005 | Обратная связь 📝 
| Sat Dec  9 17:46:51 2017 | 265004005    | Makin Eugen | 265004005 | Оставить свои пожелания по работе чат-бота 
| Sat Dec  9 17:46:57 2017 | 265004005    | Makin Eugen | 265004005 | Ролироор 
| Sat Dec  9 17:46:59 2017 | 265004005    | Makin Eugen | 265004005 | Главное меню 🏠 
| Sat Dec  9 17:47:03 2017 | 265004005    | Makin Eugen | 265004005 | Наши организации на карте 🗺 
| Sat Dec  9 17:47:10 2017 | 265004005    | Makin Eugen | 265004005 | Другие медицинские учреждения рядом 🚑 
| Sat Dec  9 17:47:17 2017 | 265004005    | Makin Eugen | 265004005 | None 
| Sat Dec  9 17:47:32 2017 | 265004005    | Makin Eugen | 265004005 | Главное меню 🏠 
| Sat Dec  9 17:47:40 2017 | 265004005    | Makin Eugen | 265004005 | Документы 📒 
| Sat Dec  9 17:47:52 2017 | 265004005    | Makin Eugen | 265004005 | Привет 
| Sat Dec  9 17:47:56 2017 | 265004005    | Makin Eugen | 265004005 | Привет 
| Sat Dec  9 17:48:01 2017 | 265004005    | Makin Eugen | 265004005 | Как дела? 
| Sat Dec  9 17:48:08 2017 | 265004005    | Makin Eugen | 265004005 | Главное меню 🏠 
| Sat Dec  9 17:52:41 2017 | 265004005    | Makin Eugen | 265004005 | Наши организации на карте 🗺 
| Sat Dec  9 17:52:41 2017 | 265004005    | Makin Eugen | 265004005 | Обратная связь 📝 
| Sat Dec  9 17:52:51 2017 | 265004005    | Makin Eugen | 265004005 | Арата 
| Sat Dec  9 17:53:38 2017 | 265004005    | Makin Eugen | 265004005 | Главное меню 🏠 
| Sat Dec  9 17:53:44 2017 | 265004005    | Makin Eugen | 265004005 | Что делать, если наступил страховой случай 🏥 
| Sat Dec  9 17:53:49 2017 | 265004005    | Makin Eugen | 265004005 | Обратная связь 📝 
| Sat Dec  9 17:53:52 2017 | 265004005    | Makin Eugen | 265004005 | Оставить свои пожелания по работе чат-бота 
| Sat Dec  9 17:53:54 2017 | 265004005    | Makin Eugen | 265004005 | Долго 
| Sat Dec  9 17:53:55 2017 | 265004005    | Makin Eugen | 265004005 | Главное меню 🏠 
| Sat Dec  9 18:00:19 2017 | 265004005    | Makin Eugen | 265004005 | Погода ☔ 
| Sat Dec  9 18:00:21 2017 | 265004005    | Makin Eugen | 265004005 | Now 
| Sat Dec  9 18:00:28 2017 | 265004005    | Makin Eugen | 265004005 | City 
| Sat Dec  9 18:00:37 2017 | 265004005    | Makin Eugen | 265004005 | Москва 
| Sat Dec  9 18:00:38 2017 | 265004005    | Makin Eugen | 265004005 | Москва 
| Sat Dec  9 18:00:44 2017 | 265004005    | Makin Eugen | 265004005 | Moscow 
| Sat Dec  9 18:01:04 2017 | 265004005    | Makin Eugen | 265004005 | City 
| Sat Dec  9 18:01:09 2017 | 265004005    | Makin Eugen | 265004005 | Moscow 
| Sat Dec  9 18:01:20 2017 | 265004005    | Makin Eugen | 265004005 | Главное меню 🏠 
| Sat Dec  9 18:01:21 2017 | 265004005    | Makin Eugen | 265004005 | Погода ☔ 
| Sat Dec  9 18:01:25 2017 | 265004005    | Makin Eugen | 265004005 | Later 
| Sat Dec  9 18:01:27 2017 | 265004005    | Makin Eugen | 265004005 | City 
| Sat Dec  9 18:01:32 2017 | 265004005    | Makin Eugen | 265004005 | Moscow 
| Sat Dec  9 18:01:32 2017 | 265004005    | Makin Eugen | 265004005 | Moscow 
| Sat Dec  9 18:02:05 2017 | 265004005    | Makin Eugen | 265004005 | Главное меню 🏠 
| Sat Dec  9 18:02:09 2017 | 265004005    | Makin Eugen | 265004005 | Стикеры 🐦 
| Sat Dec  9 18:05:30 2017 | 265004005    | Makin Eugen | 265004005 | Главное меню 🏠 
| Sat Dec  9 18:05:35 2017 | 265004005    | Makin Eugen | 265004005 | Стикеры 🐦 
| Sat Dec  9 18:05:58 2017 | 265004005    | Makin Eugen | 265004005 | Главное меню 🏠 
| Sat Dec  9 18:06:01 2017 | 265004005    | Makin Eugen | 265004005 | Наши организации на карте 🗺 
| Sat Dec  9 18:06:05 2017 | 265004005    | Makin Eugen | 265004005 | Клиники "Будь здоров" 🦋 
| Sat Dec  9 18:06:13 2017 | 265004005    | Makin Eugen | 265004005 | Главное меню 🏠 
| Sat Dec  9 18:06:15 2017 | 265004005    | Makin Eugen | 265004005 | Погода ☔ 
| Sat Dec  9 18:06:18 2017 | 265004005    | Makin Eugen | 265004005 | Later 
| Sat Dec  9 18:06:19 2017 | 265004005    | Makin Eugen | 265004005 | City 
| Sat Dec  9 18:06:25 2017 | 265004005    | Makin Eugen | 265004005 | Moscow 
| Sat Dec  9 18:06:25 2017 | 265004005    | Makin Eugen | 265004005 | Moscow 
| Sat Dec  9 18:12:04 2017 | 265004005    | Makin Eugen | 265004005 | Главное меню 🏠 
| Sat Dec  9 18:12:06 2017 | 265004005    | Makin Eugen | 265004005 | Погода ☔ 
| Sat Dec  9 18:12:07 2017 | 265004005    | Makin Eugen | 265004005 | Now 
| Sat Dec  9 18:12:10 2017 | 265004005    | Makin Eugen | 265004005 | None 
| Sat Dec  9 18:27:33 2017 | 265004005    | Makin Eugen | 265004005 | Главное меню 🏠 
| Sat Dec  9 18:27:35 2017 | 265004005    | Makin Eugen | 265004005 | Погода ☔ 
| Sat Dec  9 18:27:38 2017 | 265004005    | Makin Eugen | 265004005 | Now 
| Sat Dec  9 18:28:20 2017 | 265004005    | Makin Eugen | 265004005 | Главное меню 🏠 
| Sat Dec  9 18:28:22 2017 | 265004005    | Makin Eugen | 265004005 | Погода ☔ 
| Sat Dec  9 18:28:27 2017 | 265004005    | Makin Eugen | 265004005 | Later 
| Sat Dec  9 18:28:29 2017 | 265004005    | Makin Eugen | 265004005 | City 
| Sat Dec  9 18:28:32 2017 | 265004005    | Makin Eugen | 265004005 | Moscow 
| Sat Dec  9 18:31:07 2017 | 265004005    | Makin Eugen | 265004005 | Главное меню 🏠 
| Sat Dec  9 18:31:09 2017 | 265004005    | Makin Eugen | 265004005 | Погода ☔ 
| Sat Dec  9 18:31:11 2017 | 265004005    | Makin Eugen | 265004005 | Now 
| Sat Dec  9 18:31:13 2017 | 265004005    | Makin Eugen | 265004005 | City 
| Sat Dec  9 18:31:19 2017 | 265004005    | Makin Eugen | 265004005 | Moscow 
| Sat Dec  9 18:32:15 2017 | 265004005    | Makin Eugen | 265004005 | Главное меню 🏠 
| Sat Dec  9 18:32:17 2017 | 265004005    | Makin Eugen | 265004005 | Погода ☔ 
| Sat Dec  9 18:32:18 2017 | 265004005    | Makin Eugen | 265004005 | Now 
| Sat Dec  9 18:32:22 2017 | 265004005    | Makin Eugen | 265004005 | None 
| Sat Dec  9 18:34:03 2017 | 265004005    | Makin Eugen | 265004005 | Главное меню 🏠 
| Sat Dec  9 18:34:08 2017 | 265004005    | Makin Eugen | 265004005 | Погода ☔ 
| Sat Dec  9 18:34:09 2017 | 265004005    | Makin Eugen | 265004005 | Now 
| Sat Dec  9 18:34:13 2017 | 265004005    | Makin Eugen | 265004005 | None 
| Sat Dec  9 18:37:41 2017 | 244458170    | Мария Темнова | 244458170 | Главное меню 🏠 
| Sat Dec  9 18:37:44 2017 | 265004005    | Makin Eugen | 265004005 | Главное меню 🏠 
| Sat Dec  9 18:37:47 2017 | 265004005    | Makin Eugen | 265004005 | Наши организации на карте 🗺 
| Sat Dec  9 18:37:56 2017 | 265004005    | Makin Eugen | 265004005 | Главное меню 🏠 
| Sat Dec  9 18:37:57 2017 | 265004005    | Makin Eugen | 265004005 | Погода ☔ 
| Sat Dec  9 18:39:33 2017 | 265004005    | Makin Eugen | 265004005 | Later 
| Sat Dec  9 18:39:40 2017 | 265004005    | Makin Eugen | 265004005 | None 
| Sat Dec  9 18:41:25 2017 | 265004005    | Makin Eugen | 265004005 | Главное меню 🏠 
| Sat Dec  9 18:41:27 2017 | 265004005    | Makin Eugen | 265004005 | Погода ☔ 
| Sat Dec  9 18:41:28 2017 | 265004005    | Makin Eugen | 265004005 | Now 
| Sat Dec  9 18:41:31 2017 | 265004005    | Makin Eugen | 265004005 | None 
| Sat Dec  9 18:53:34 2017 | 265004005    | Makin Eugen | 265004005 | Главное меню 🏠 
| Sat Dec  9 18:53:36 2017 | 265004005    | Makin Eugen | 265004005 | Погода ☔ 
| Sat Dec  9 18:54:49 2017 | 265004005    | Makin Eugen | 265004005 | Главное меню 🏠 
| Sat Dec  9 18:54:57 2017 | 265004005    | Makin Eugen | 265004005 | Погода ☔ 
| Sat Dec  9 18:54:58 2017 | 265004005    | Makin Eugen | 265004005 | Через три часа 
| Sat Dec  9 18:55:06 2017 | 265004005    | Makin Eugen | 265004005 | None 
| Sat Dec  9 18:56:20 2017 | 265004005    | Makin Eugen | 265004005 | Главное меню 🏠 
| Sat Dec  9 18:56:21 2017 | 265004005    | Makin Eugen | 265004005 | Наши организации на карте 🗺 
| Sat Dec  9 18:56:22 2017 | 265004005    | Makin Eugen | 265004005 | Главное меню 🏠 
| Sat Dec  9 18:56:23 2017 | 265004005    | Makin Eugen | 265004005 | Погода ☔ 
| Sat Dec  9 18:56:26 2017 | 265004005    | Makin Eugen | 265004005 | Через три часа 
| Sat Dec  9 18:56:30 2017 | 265004005    | Makin Eugen | 265004005 | None 
| Sat Dec  9 19:13:32 2017 | 265004005    | Makin Eugen | 265004005 | Главное меню 🏠 
| Sat Dec  9 19:13:33 2017 | 265004005    | Makin Eugen | 265004005 | Погода ☔ 
| Sat Dec  9 19:13:34 2017 | 265004005    | Makin Eugen | 265004005 | Сейчас 
| Sat Dec  9 19:13:37 2017 | 265004005    | Makin Eugen | 265004005 | None 
| Sat Dec  9 19:13:39 2017 | 265004005    | Makin Eugen | 265004005 | Главное меню 🏠 
| Sat Dec  9 19:13:40 2017 | 265004005    | Makin Eugen | 265004005 | Погода ☔ 
| Sat Dec  9 19:13:42 2017 | 265004005    | Makin Eugen | 265004005 | Завтра утром 
| Sat Dec  9 19:13:43 2017 | 265004005    | Makin Eugen | 265004005 | Указать город 
| Sat Dec  9 19:13:50 2017 | 265004005    | Makin Eugen | 265004005 | Moscow 
| Sat Dec  9 19:13:51 2017 | 265004005    | Makin Eugen | 265004005 | Moscow 
| Sat Dec  9 19:13:57 2017 | 265004005    | Makin Eugen | 265004005 | Главное меню 🏠 
| Sat Dec  9 19:13:59 2017 | 265004005    | Makin Eugen | 265004005 | Наши организации на карте 🗺 
| Sat Dec  9 19:14:01 2017 | 265004005    | Makin Eugen | 265004005 | Клиники "Будь здоров" 🦋 
| Sat Dec  9 19:14:08 2017 | 265004005    | Makin Eugen | 265004005 | None 
| Sat Dec  9 19:14:14 2017 | 265004005    | Makin Eugen | 265004005 | Главное меню 🏠 
| Sat Dec  9 19:14:43 2017 | 265004005    | Makin Eugen | 265004005 | Стикеры 🐦 
| Sat Dec  9 20:04:56 2017 | 265004005    | Makin Eugen | 265004005 | Главное меню 🏠 
| Sat Dec  9 20:05:28 2017 | 265004005    | Makin Eugen | 265004005 | Наши организации на карте 🗺 
| Sat Dec  9 20:05:33 2017 | 265004005    | Makin Eugen | 265004005 | Главное меню 🏠 
| Sat Dec  9 20:06:43 2017 | 265004005    | Makin Eugen | 265004005 | Контакты ☎ 
| Sat Dec  9 20:06:44 2017 | 265004005    | Makin Eugen | 265004005 | Главное меню 🏠 
| Sat Dec  9 20:06:46 2017 | 265004005    | Makin Eugen | 265004005 | Стикеры 🐦 
| Sat Dec  9 20:07:35 2017 | 265004005    | Makin Eugen | 265004005 | Погода ☔ 
| Sat Dec  9 20:07:36 2017 | 265004005    | Makin Eugen | 265004005 | Главное меню 🏠 
| Sat Dec  9 20:07:38 2017 | 265004005    | Makin Eugen | 265004005 | Стикеры 🐦 
| Sat Dec  9 20:07:59 2017 | 265004005    | Makin Eugen | 265004005 | /start 
| Sat Dec  9 20:08:02 2017 | 265004005    | Makin Eugen | 265004005 | Стикеры 🐦 
| Sat Dec  9 20:18:32 2017 | 265004005    | Makin Eugen | 265004005 | /start 
| Sat Dec  9 20:21:38 2017 | 265004005    | Makin Eugen | 265004005 | Погода ☔ 
| Sat Dec  9 20:21:40 2017 | 265004005    | Makin Eugen | 265004005 | Главное меню 🏠 
| Sat Dec  9 20:23:47 2017 | 265004005    | Makin Eugen | 265004005 | Контакты ☎ 
| Sat Dec  9 20:23:49 2017 | 265004005    | Makin Eugen | 265004005 | Главное меню 🏠 
| Sat Dec  9 20:28:13 2017 | 265004005    | Makin Eugen | 265004005 | Погода ☔ 
| Sat Dec  9 20:28:15 2017 | 265004005    | Makin Eugen | 265004005 | Главное меню 🏠 
| Sat Dec  9 20:29:09 2017 | 265004005    | Makin Eugen | 265004005 | Погода ☔ 
| Sat Dec  9 20:29:12 2017 | 265004005    | Makin Eugen | 265004005 | Главное меню 🏠 
| Sat Dec  9 20:29:28 2017 | 265004005    | Makin Eugen | 265004005 | Наши организации на карте 🗺 
| Sat Dec  9 20:34:14 2017 | 265004005    | Makin Eugen | 265004005 | Главное меню 🏠 
| Sat Dec  9 20:35:04 2017 | 265004005    | Makin Eugen | 265004005 | Главное меню 🏠 
| Sat Dec  9 20:35:07 2017 | 265004005    | Makin Eugen | 265004005 | Погода ☔ 
| Sat Dec  9 20:35:10 2017 | 265004005    | Makin Eugen | 265004005 | Главное меню 🏠 
| Sat Dec  9 20:35:49 2017 | 265004005    | Makin Eugen | 265004005 | Главное меню 🏠 
| Sat Dec  9 20:35:51 2017 | 265004005    | Makin Eugen | 265004005 | Погода ☔ 
| Sat Dec  9 20:35:52 2017 | 265004005    | Makin Eugen | 265004005 | Главное меню 🏠 
| Sat Dec  9 20:36:28 2017 | 265004005    | Makin Eugen | 265004005 | Главное меню 🏠 
| Sat Dec  9 20:36:39 2017 | 265004005    | Makin Eugen | 265004005 | Главное меню 🏠 
| Sat Dec  9 20:36:41 2017 | 265004005    | Makin Eugen | 265004005 | Обратная связь 📝 
| Sat Dec  9 20:36:43 2017 | 265004005    | Makin Eugen | 265004005 | Оставить свои пожелания по работе чат-бота 
| Sat Dec  9 20:36:45 2017 | 265004005    | Makin Eugen | 265004005 | Олр 
| Sat Dec  9 20:36:47 2017 | 265004005    | Makin Eugen | 265004005 | Главное меню 🏠 
| Sat Dec  9 20:40:36 2017 | 265004005    | Makin Eugen | 265004005 | Погода ☔ 
| Sat Dec  9 20:40:38 2017 | 265004005    | Makin Eugen | 265004005 | Завтра утром 
| Sat Dec  9 20:40:46 2017 | 265004005    | Makin Eugen | 265004005 | None 
| Sat Dec  9 20:40:55 2017 | 265004005    | Makin Eugen | 265004005 | Главное меню 🏠 
| Sat Dec  9 20:40:58 2017 | 265004005    | Makin Eugen | 265004005 | Что делать, если наступил страховой случай 🏥 
| Sun Dec 10 10:50:57 2017 | 265004005    | Makin Eugen | 265004005 | /start 
| Sun Dec 10 10:50:58 2017 | 265004005    | Makin Eugen | 265004005 | Что делать, если наступил страховой случай 🏥 
| Sun Dec 10 10:53:39 2017 | 265004005    | Makin Eugen | 265004005 | /start 
| Sun Dec 10 10:53:41 2017 | 265004005    | Makin Eugen | 265004005 | Что делать, если наступил страховой случай 🏥 
| Sun Dec 10 10:54:54 2017 | 265004005    | Makin Eugen | 265004005 | /start 
| Sun Dec 10 10:54:55 2017 | 265004005    | Makin Eugen | 265004005 | Что делать, если наступил страховой случай 🏥 
| Sun Dec 10 10:55:13 2017 | 265004005    | Makin Eugen | 265004005 | Что делать, если наступил страховой случай 🏥 
| Sun Dec 10 10:55:13 2017 | 265004005    | Makin Eugen | 265004005 | Что делать, если наступил страховой случай 🏥 
| Sun Dec 10 10:55:17 2017 | 265004005    | Makin Eugen | 265004005 | Что делать, если наступил страховой случай 🏥 
| Sun Dec 10 10:55:24 2017 | 265004005    | Makin Eugen | 265004005 | Наши организации на карте 🗺 
| Sun Dec 10 10:55:29 2017 | 265004005    | Makin Eugen | 265004005 | Главное меню 🏠 
| Sun Dec 10 10:55:30 2017 | 265004005    | Makin Eugen | 265004005 | Что делать, если наступил страховой случай 🏥 
| Sun Dec 10 10:56:06 2017 | 265004005    | Makin Eugen | 265004005 | Что делать, если наступил страховой случай 🏥 
| Sun Dec 10 10:56:12 2017 | 265004005    | Makin Eugen | 265004005 | Что делать, если наступил страховой случай 🏥 
| Sun Dec 10 10:57:04 2017 | 265004005    | Makin Eugen | 265004005 | Что делать, если наступил страховой случай 🏥 
| Sun Dec 10 10:58:54 2017 | 265004005    | Makin Eugen | 265004005 | Что делать, если наступил страховой случай 🏥 
| Sun Dec 10 10:59:03 2017 | 265004005    | Makin Eugen | 265004005 | Наши организации на карте 🗺 
| Sun Dec 10 10:59:05 2017 | 265004005    | Makin Eugen | 265004005 | Главное меню 🏠 
| Sun Dec 10 10:59:07 2017 | 265004005    | Makin Eugen | 265004005 | Что делать, если наступил страховой случай 🏥 
| Sun Dec 10 11:00:02 2017 | 265004005    | Makin Eugen | 265004005 | Что делать, если наступил страховой случай 🏥 
| Sun Dec 10 11:00:57 2017 | 265004005    | Makin Eugen | 265004005 | Погода ☔ 
| Sun Dec 10 11:00:58 2017 | 265004005    | Makin Eugen | 265004005 | Главное меню 🏠 
| Sun Dec 10 11:00:59 2017 | 265004005    | Makin Eugen | 265004005 | Что делать, если наступил страховой случай 🏥 
| Sun Dec 10 11:07:41 2017 | 265004005    | Makin Eugen | 265004005 | Что делать, если наступил страховой случай 🏥 
| Sun Dec 10 11:08:37 2017 | 265004005    | Makin Eugen | 265004005 | Погода ☔ 
| Sun Dec 10 11:08:39 2017 | 265004005    | Makin Eugen | 265004005 | Главное меню 🏠 
| Sun Dec 10 11:08:40 2017 | 265004005    | Makin Eugen | 265004005 | Что делать, если наступил страховой случай 🏥 
| Sun Dec 10 11:10:12 2017 | 265004005    | Makin Eugen | 265004005 | Контакты ☎ 
| Sun Dec 10 11:10:13 2017 | 265004005    | Makin Eugen | 265004005 | Главное меню 🏠 
| Sun Dec 10 11:10:14 2017 | 265004005    | Makin Eugen | 265004005 | Что делать, если наступил страховой случай 🏥 
| Sun Dec 10 11:10:46 2017 | 265004005    | Makin Eugen | 265004005 | Наши организации на карте 🗺 
| Sun Dec 10 11:10:47 2017 | 265004005    | Makin Eugen | 265004005 | Главное меню 🏠 
| Sun Dec 10 11:10:48 2017 | 265004005    | Makin Eugen | 265004005 | Что делать, если наступил страховой случай 🏥 
| Sun Dec 10 11:12:16 2017 | 265004005    | Makin Eugen | 265004005 | Что делать, если наступил страховой случай 🏥 
| Sun Dec 10 11:13:38 2017 | 265004005    | Makin Eugen | 265004005 | Наши организации на карте 🗺 
| Sun Dec 10 11:13:38 2017 | 265004005    | Makin Eugen | 265004005 | Наши организации на карте 🗺 
| Sun Dec 10 11:13:39 2017 | 265004005    | Makin Eugen | 265004005 | Главное меню 🏠 
| Sun Dec 10 11:13:40 2017 | 265004005    | Makin Eugen | 265004005 | Что делать, если наступил страховой случай 🏥 
| Sun Dec 10 11:15:02 2017 | 265004005    | Makin Eugen | 265004005 | Что делать, если наступил страховой случай 🏥 
| Sun Dec 10 11:18:40 2017 | 265004005    | Makin Eugen | 265004005 | Наши организации на карте 🗺 
| Sun Dec 10 11:18:41 2017 | 265004005    | Makin Eugen | 265004005 | Главное меню 🏠 
| Sun Dec 10 11:18:42 2017 | 265004005    | Makin Eugen | 265004005 | Что делать, если наступил страховой случай 🏥 
| Sun Dec 10 11:19:37 2017 | 265004005    | Makin Eugen | 265004005 | Что делать, если наступил страховой случай 🏥 
| Sun Dec 10 11:19:39 2017 | 265004005    | Makin Eugen | 265004005 | Наши организации на карте 🗺 
| Sun Dec 10 11:19:43 2017 | 265004005    | Makin Eugen | 265004005 | Главное меню 🏠 
| Sun Dec 10 11:19:44 2017 | 265004005    | Makin Eugen | 265004005 | Что делать, если наступил страховой случай 🏥 
| Sun Dec 10 11:26:40 2017 | 265004005    | Makin Eugen | 265004005 | Погода ☔ 
| Sun Dec 10 11:26:42 2017 | 265004005    | Makin Eugen | 265004005 | Главное меню 🏠 
| Sun Dec 10 11:26:43 2017 | 265004005    | Makin Eugen | 265004005 | Что делать, если наступил страховой случай 🏥 
| Sun Dec 10 11:27:44 2017 | 265004005    | Makin Eugen | 265004005 | Контакты ☎ 
| Sun Dec 10 11:27:47 2017 | 265004005    | Makin Eugen | 265004005 | Главное меню 🏠 
| Sun Dec 10 11:27:48 2017 | 265004005    | Makin Eugen | 265004005 | Главное меню 🏠 
| Sun Dec 10 11:27:49 2017 | 265004005    | Makin Eugen | 265004005 | Что делать 
| Sun Dec 10 11:27:58 2017 | 265004005    | Makin Eugen | 265004005 | Документы 📒 
| Sun Dec 10 11:27:59 2017 | 265004005    | Makin Eugen | 265004005 | Главное меню 🏠 
| Sun Dec 10 11:28:00 2017 | 265004005    | Makin Eugen | 265004005 | Что делать 
| Sun Dec 10 11:29:50 2017 | 265004005    | Makin Eugen | 265004005 | Погода ☔ 
| Sun Dec 10 11:29:51 2017 | 265004005    | Makin Eugen | 265004005 | Главное меню 🏠 
| Sun Dec 10 11:29:52 2017 | 265004005    | Makin Eugen | 265004005 | Что делать 
| Sun Dec 10 11:41:26 2017 | 265004005    | Makin Eugen | 265004005 | Медицинские расходы 
| Sun Dec 10 11:41:27 2017 | 265004005    | Makin Eugen | 265004005 | Медицинские расходы 
| Sun Dec 10 11:41:34 2017 | 265004005    | Makin Eugen | 265004005 | /start 
| Sun Dec 10 11:41:35 2017 | 265004005    | Makin Eugen | 265004005 | Что делать 
| Sun Dec 10 11:41:39 2017 | 265004005    | Makin Eugen | 265004005 | Медицинские расходы 
| Sun Dec 10 11:42:03 2017 | 265004005    | Makin Eugen | 265004005 | /start 
| Sun Dec 10 11:42:07 2017 | 265004005    | Makin Eugen | 265004005 | Погода ☔ 
| Sun Dec 10 11:42:08 2017 | 265004005    | Makin Eugen | 265004005 | Главное меню 🏠 
| Sun Dec 10 11:42:34 2017 | 265004005    | Makin Eugen | 265004005 | Что делать 
| Sun Dec 10 11:42:35 2017 | 265004005    | Makin Eugen | 265004005 | Медицинские расходы 
| Sun Dec 10 11:43:26 2017 | 265004005    | Makin Eugen | 265004005 | /start 
| Sun Dec 10 11:43:29 2017 | 265004005    | Makin Eugen | 265004005 | Что делать, если наступил страховой случай 🏥 
| Sun Dec 10 11:52:58 2017 | 265004005    | Makin Eugen | 265004005 | /start 
| Sun Dec 10 11:52:59 2017 | 265004005    | Makin Eugen | 265004005 | Что делать, если наступил страховой случай 🏥 
| Sun Dec 10 11:53:03 2017 | 265004005    | Makin Eugen | 265004005 | Медицинские расходы 
| Sun Dec 10 11:53:05 2017 | 265004005    | Makin Eugen | 265004005 | Главное меню 🏠 
| Sun Dec 10 11:53:07 2017 | 265004005    | Makin Eugen | 265004005 | Что делать, если наступил страховой случай 🏥 
| Sun Dec 10 11:53:09 2017 | 265004005    | Makin Eugen | 265004005 | Несчастный случай 
| Sun Dec 10 11:53:10 2017 | 265004005    | Makin Eugen | 265004005 | Главное меню 🏠 
| Sun Dec 10 11:53:12 2017 | 265004005    | Makin Eugen | 265004005 | Что делать, если наступил страховой случай 🏥 
| Sun Dec 10 11:53:14 2017 | 265004005    | Makin Eugen | 265004005 | Медицинские расходы 
| Sun Dec 10 11:53:15 2017 | 265004005    | Makin Eugen | 265004005 | Выбор характера требуемой помощи 
| Sun Dec 10 11:53:24 2017 | 265004005    | Makin Eugen | 265004005 | Главное меню 🏠 
| Sun Dec 10 11:54:29 2017 | 265004005    | Makin Eugen | 265004005 | Что делать, если наступил страховой случай 🏥 
| Sun Dec 10 11:54:37 2017 | 265004005    | Makin Eugen | 265004005 | Пропажа багажа 
| Sun Dec 10 11:54:39 2017 | 265004005    | Makin Eugen | 265004005 | Сообщить о пропаже сотрудникам транспортной организации, получить документы пропажи багажа или письменный отказ 
| Sun Dec 10 11:54:41 2017 | 265004005    | Makin Eugen | 265004005 | Список необходимых документов 
| Sun Dec 10 11:57:12 2017 | 265004005    | Makin Eugen | 265004005 | /start 
| Sun Dec 10 11:57:17 2017 | 265004005    | Makin Eugen | 265004005 | Что делать, если наступил страховой случай 🏥 
| Sun Dec 10 11:57:23 2017 | 265004005    | Makin Eugen | 265004005 | Несчастный случай 
| Sun Dec 10 11:57:38 2017 | 265004005    | Makin Eugen | 265004005 | Выбор характера несчастного случая 
| Sun Dec 10 12:11:54 2017 | 265004005    | Makin Eugen | 265004005 | Главное меню 🏠 
| Sun Dec 10 12:12:25 2017 | 265004005    | Makin Eugen | 265004005 | Что делать, если наступил страховой случай 🏥 
| Sun Dec 10 12:12:44 2017 | 265004005    | Makin Eugen | 265004005 | Что делать, если наступил страховой случай 🏥 
| Sun Dec 10 12:12:51 2017 | 265004005    | Makin Eugen | 265004005 | Медицинские расходы 
| Sun Dec 10 12:12:53 2017 | 265004005    | Makin Eugen | 265004005 | Выбор характера требуемой помощи 
| Sun Dec 10 12:13:19 2017 | 265004005    | Makin Eugen | 265004005 | Главное меню 🏠 
| Sun Dec 10 12:13:24 2017 | 265004005    | Makin Eugen | 265004005 | Наши организации на карте 🗺 
| Sun Dec 10 12:45:41 2017 | 265004005    | Makin Eugen | 265004005 | Главное меню 🏠 
| Sun Dec 10 12:46:07 2017 | 265004005    | Makin Eugen | 265004005 | Наши организации на карте 🗺 
| Sun Dec 10 12:46:08 2017 | 265004005    | Makin Eugen | 265004005 | Главное меню 🏠 
| Sun Dec 10 13:13:27 2017 | 265004005    | Makin Eugen | 265004005 | Документы 📒 
| Sun Dec 10 13:13:30 2017 | 265004005    | Makin Eugen | 265004005 | Главное меню 🏠 
| Sun Dec 10 13:13:32 2017 | 265004005    | Makin Eugen | 265004005 | Документы 📒 
| Sun Dec 10 13:13:33 2017 | 265004005    | Makin Eugen | 265004005 | Образцы заявлений 
| Sun Dec 10 13:13:36 2017 | 265004005    | Makin Eugen | 265004005 | Заявление с описанием страхового случая.Медицинские расходы 
| Sun Dec 10 13:13:50 2017 | 265004005    | Makin Eugen | 265004005 | Главное меню 🏠 
| Sun Dec 10 13:19:24 2017 | 265004005    | Makin Eugen | 265004005 | Наши организации на карте 🗺 
| Sun Dec 10 13:19:25 2017 | 265004005    | Makin Eugen | 265004005 | Главное меню 🏠 
| Sun Dec 10 13:19:27 2017 | 265004005    | Makin Eugen | 265004005 | Документы 📒 
| Sun Dec 10 13:19:29 2017 | 265004005    | Makin Eugen | 265004005 | Правила страхования 
| Sun Dec 10 13:19:53 2017 | 265004005    | Makin Eugen | 265004005 | Правила страхования медицинских расходов 
| Sun Dec 10 13:20:03 2017 | 265004005    | Makin Eugen | 265004005 | Главное меню 🏠 
| Sun Dec 10 13:20:05 2017 | 265004005    | Makin Eugen | 265004005 | Наши организации на карте 🗺 
| Sun Dec 10 13:20:06 2017 | 265004005    | Makin Eugen | 265004005 | Главное меню 🏠 
| Sun Dec 10 13:20:07 2017 | 265004005    | Makin Eugen | 265004005 | Документы 📒 
| Sun Dec 10 13:20:14 2017 | 265004005    | Makin Eugen | 265004005 | Правила страхования непредвиденных расходов путешественников 
| Sun Dec 10 13:20:20 2017 | 265004005    | Makin Eugen | 265004005 | Главное меню 🏠 
| Sun Dec 10 13:20:24 2017 | 265004005    | Makin Eugen | 265004005 | Документы 📒 
| Sun Dec 10 13:20:25 2017 | 265004005    | Makin Eugen | 265004005 | Образцы заявлений 
| Sun Dec 10 13:23:44 2017 | 265004005    | Makin Eugen | 265004005 | Главное меню 🏠 
| Sun Dec 10 13:23:47 2017 | 265004005    | Makin Eugen | 265004005 | Документы 📒 
| Sun Dec 10 13:23:48 2017 | 265004005    | Makin Eugen | 265004005 | Правила страхования 
| Sun Dec 10 13:24:26 2017 | 265004005    | Makin Eugen | 265004005 | 2)Правила страхования гражданской ответственности физических лиц 
| Sun Dec 10 13:27:46 2017 | 265004005    | Makin Eugen | 265004005 | Главное меню 🏠 
| Sun Dec 10 13:27:54 2017 | 265004005    | Makin Eugen | 265004005 | Документы 📒 
| Sun Dec 10 13:28:08 2017 | 265004005    | Makin Eugen | 265004005 | Правила страхования 
| Sun Dec 10 13:29:16 2017 | 265004005    | Makin Eugen | 265004005 | Главное меню 🏠 
| Sun Dec 10 13:29:19 2017 | 265004005    | Makin Eugen | 265004005 | Документы 📒 
| Sun Dec 10 13:29:20 2017 | 265004005    | Makin Eugen | 265004005 | Правила страхования 
| Sun Dec 10 13:30:17 2017 | 265004005    | Makin Eugen | 265004005 | Главное меню 🏠 
| Sun Dec 10 13:30:18 2017 | 265004005    | Makin Eugen | 265004005 | Документы 📒 
| Sun Dec 10 13:30:18 2017 | 265004005    | Makin Eugen | 265004005 | Документы 📒 
| Sun Dec 10 13:30:19 2017 | 265004005    | Makin Eugen | 265004005 | Правила страхования 
| Sun Dec 10 13:30:21 2017 | 265004005    | Makin Eugen | 265004005 | 2)Правила страхования гражданской ответственности физических лиц 
| Sun Dec 10 13:30:28 2017 | 265004005    | Makin Eugen | 265004005 | 1)Правила страхования медицинских расходов 
| Sun Dec 10 13:30:30 2017 | 265004005    | Makin Eugen | 265004005 | 3)Правила страхования багажа 
| Sun Dec 10 13:30:33 2017 | 265004005    | Makin Eugen | 265004005 | 4)Правила страхования от отмены поездки 
| Sun Dec 10 13:30:36 2017 | 265004005    | Makin Eugen | 265004005 | 5)Правила страхования от несчастных случаев 
| Sun Dec 10 13:30:39 2017 | 265004005    | Makin Eugen | 265004005 | 6)Таблица размеров страховых выплат по страхованию от НС 
| Sun Dec 10 13:30:40 2017 | 265004005    | Makin Eugen | 265004005 | Главное меню 🏠 
| Sun Dec 10 13:30:42 2017 | 265004005    | Makin Eugen | 265004005 | Документы 📒 
| Sun Dec 10 13:30:43 2017 | 265004005    | Makin Eugen | 265004005 | Образцы заявлений 
| Sun Dec 10 13:30:44 2017 | 265004005    | Makin Eugen | 265004005 | 1)Заявление с описанием страхового случая.Медицинские расходы 
| Sun Dec 10 13:33:22 2017 | 265004005    | Makin Eugen | 265004005 | Главное меню 🏠 
| Sun Dec 10 13:33:24 2017 | 265004005    | Makin Eugen | 265004005 | Документы 📒 
| Sun Dec 10 13:33:25 2017 | 265004005    | Makin Eugen | 265004005 | Образцы заявлений 
| Sun Dec 10 13:33:26 2017 | 265004005    | Makin Eugen | 265004005 | 1)Заявление с описанием страхового случая.Медицинские расходы 
| Sun Dec 10 13:37:23 2017 | 265004005    | Makin Eugen | 265004005 | Главное меню 🏠 
| Sun Dec 10 13:37:27 2017 | 265004005    | Makin Eugen | 265004005 | Документы 📒 
| Sun Dec 10 13:37:28 2017 | 265004005    | Makin Eugen | 265004005 | Образцы заявлений 
| Sun Dec 10 13:37:29 2017 | 265004005    | Makin Eugen | 265004005 | 1)Медицинские расходы 
| Sun Dec 10 13:39:46 2017 | 265004005    | Makin Eugen | 265004005 | Главное меню 🏠 
| Sun Dec 10 13:39:46 2017 | 265004005    | Makin Eugen | 265004005 | Главное меню 🏠 
| Sun Dec 10 13:39:50 2017 | 265004005    | Makin Eugen | 265004005 | /start 
| Sun Dec 10 13:40:02 2017 | 265004005    | Makin Eugen | 265004005 | Наши организации на карте 🗺 
| Sun Dec 10 13:40:04 2017 | 265004005    | Makin Eugen | 265004005 | Главное меню 🏠 
| Sun Dec 10 13:40:05 2017 | 265004005    | Makin Eugen | 265004005 | Документы 📒 
| Sun Dec 10 13:40:07 2017 | 265004005    | Makin Eugen | 265004005 | Образцы заявлений 
| Sun Dec 10 13:41:29 2017 | 265004005    | Makin Eugen | 265004005 | Главное меню 🏠 
| Sun Dec 10 13:41:34 2017 | 265004005    | Makin Eugen | 265004005 | Документы 📒 
| Sun Dec 10 13:41:46 2017 | 265004005    | Makin Eugen | 265004005 | Главное меню 🏠 
| Sun Dec 10 13:41:48 2017 | 265004005    | Makin Eugen | 265004005 | Документы 📒 
| Sun Dec 10 13:41:49 2017 | 265004005    | Makin Eugen | 265004005 | Образцы заявлений 
| Sun Dec 10 13:41:50 2017 | 265004005    | Makin Eugen | 265004005 | 2)Если вы потеряли багаж 
| Sun Dec 10 13:41:54 2017 | 265004005    | Makin Eugen | 265004005 | 1)Медицинские расходы 
| Sun Dec 10 13:42:01 2017 | 265004005    | Makin Eugen | 265004005 | Главное меню 🏠 
| Sun Dec 10 13:42:03 2017 | 265004005    | Makin Eugen | 265004005 | Документы 📒 
| Sun Dec 10 13:42:04 2017 | 265004005    | Makin Eugen | 265004005 | Образцы заявлений 
| Sun Dec 10 13:42:05 2017 | 265004005    | Makin Eugen | 265004005 | 3)Случился невыезд 
| Sun Dec 10 13:42:07 2017 | 265004005    | Makin Eugen | 265004005 | 4)Страховой случай, связанный с невыездом вашего ребенка 
| Sun Dec 10 13:42:08 2017 | 265004005    | Makin Eugen | 265004005 | 1)Медицинские расходы 
| Sun Dec 10 13:44:04 2017 | 265004005    | Makin Eugen | 265004005 | Главное меню 🏠 
| Sun Dec 10 13:44:16 2017 | 265004005    | Makin Eugen | 265004005 | Документы 📒 
| Sun Dec 10 13:44:17 2017 | 265004005    | Makin Eugen | 265004005 | Образцы заявлений 
| Sun Dec 10 13:44:18 2017 | 265004005    | Makin Eugen | 265004005 | 1)Заявлeние по медицинским расходам 
| Sun Dec 10 13:44:20 2017 | 265004005    | Makin Eugen | 265004005 | 2)Если вы потеряли багаж 
| Sun Dec 10 13:44:21 2017 | 265004005    | Makin Eugen | 265004005 | 3)Случился невыезд 
| Sun Dec 10 13:44:22 2017 | 265004005    | Makin Eugen | 265004005 | 4)Страховой случай, связанный с невыездом вашего ребенка 
| Sun Dec 10 13:44:23 2017 | 265004005    | Makin Eugen | 265004005 | Главное меню 🏠 
| Sun Dec 10 13:44:24 2017 | 265004005    | Makin Eugen | 265004005 | Документы 📒 
| Sun Dec 10 13:44:25 2017 | 265004005    | Makin Eugen | 265004005 | Правила страхования 
| Sun Dec 10 13:44:27 2017 | 265004005    | Makin Eugen | 265004005 | 1)Правила страхования медицинских расходов 
| Sun Dec 10 13:44:29 2017 | 265004005    | Makin Eugen | 265004005 | 2)Правила страхования гражданской ответственности физических лиц 
| Sun Dec 10 13:44:30 2017 | 265004005    | Makin Eugen | 265004005 | 3)Правила страхования багажа 
| Sun Dec 10 13:44:32 2017 | 265004005    | Makin Eugen | 265004005 | 4)Правила страхования от отмены поездки 
| Sun Dec 10 13:44:35 2017 | 265004005    | Makin Eugen | 265004005 | 4)Правила страхования от отмены поездки 
| Sun Dec 10 13:44:39 2017 | 265004005    | Makin Eugen | 265004005 | 5)Правила страхования от несчастных случаев 
| Sun Dec 10 13:44:42 2017 | 265004005    | Makin Eugen | 265004005 | 6)Таблица размеров страховых выплат по страхованию от НС 
| Sun Dec 10 13:44:44 2017 | 265004005    | Makin Eugen | 265004005 | Главное меню 🏠 
| Sun Dec 10 14:00:05 2017 | 265004005    | Makin Eugen | 265004005 | Наши организации на карте 🗺 
| Sun Dec 10 14:00:06 2017 | 265004005    | Makin Eugen | 265004005 | Главное меню 🏠 
| Sun Dec 10 14:00:07 2017 | 265004005    | Makin Eugen | 265004005 | Что делать, если наступил страховой случай 🏥 
| Sun Dec 10 14:00:10 2017 | 265004005    | Makin Eugen | 265004005 | Медицинские расходы 
| Sun Dec 10 14:00:12 2017 | 265004005    | Makin Eugen | 265004005 | Вызов врача 
| Sun Dec 10 14:02:31 2017 | 265004005    | Makin Eugen | 265004005 | Вызов врача 
| Sun Dec 10 14:02:37 2017 | 265004005    | Makin Eugen | 265004005 | Амбулаторное или стационарное лечение 
| Sun Dec 10 14:02:39 2017 | 265004005    | Makin Eugen | 265004005 | Стоматологические услуги 
| Sun Dec 10 14:02:41 2017 | 265004005    | Makin Eugen | 265004005 | Врачебные услуги (перевязки) 
| Sun Dec 10 14:02:49 2017 | 265004005    | Makin Eugen | 265004005 | Проведение операции 
| Sun Dec 10 14:05:27 2017 | 265004005    | Makin Eugen | 265004005 | Главное меню 🏠 
| Sun Dec 10 14:05:31 2017 | 265004005    | Makin Eugen | 265004005 | /start 
| Sun Dec 10 14:05:33 2017 | 265004005    | Makin Eugen | 265004005 | Что делать, если наступил страховой случай 🏥 
| Sun Dec 10 14:05:37 2017 | 265004005    | Makin Eugen | 265004005 | Медицинские расходы 
| Sun Dec 10 14:05:38 2017 | 265004005    | Makin Eugen | 265004005 | Вызов врача 
| Sun Dec 10 14:05:48 2017 | 265004005    | Makin Eugen | 265004005 | Клиники "Будь здоров" 🦋 
| Sun Dec 10 14:05:54 2017 | 265004005    | Makin Eugen | 265004005 | None 
| Sun Dec 10 14:06:25 2017 | 265004005    | Makin Eugen | 265004005 | Главное меню 🏠 
| Sun Dec 10 14:06:28 2017 | 265004005    | Makin Eugen | 265004005 | Документы 📒 
| Sun Dec 10 14:06:31 2017 | 265004005    | Makin Eugen | 265004005 | Главное меню 🏠 
| Sun Dec 10 14:06:32 2017 | 265004005    | Makin Eugen | 265004005 | Что делать, если наступил страховой случай 🏥 
| Sun Dec 10 14:06:36 2017 | 265004005    | Makin Eugen | 265004005 | Пропажа багажа 
| Sun Dec 10 14:06:38 2017 | 265004005    | Makin Eugen | 265004005 | Заявление об утере багажа 
| Sun Dec 10 14:07:44 2017 | 265004005    | Makin Eugen | 265004005 | Главное меню 🏠 
| Sun Dec 10 14:07:52 2017 | 265004005    | Makin Eugen | 265004005 | Что делать, если наступил страховой случай 🏥 
| Sun Dec 10 14:11:01 2017 | 265004005    | Makin Eugen | 265004005 | Главное меню 🏠 
| Sun Dec 10 14:11:27 2017 | 265004005    | Makin Eugen | 265004005 | Контакты ☎ 
| Sun Dec 10 14:11:27 2017 | 265004005    | Makin Eugen | 265004005 | Контакты ☎ 
| Sun Dec 10 14:11:30 2017 | 265004005    | Makin Eugen | 265004005 | Главное меню 🏠 
| Sun Dec 10 14:11:33 2017 | 265004005    | Makin Eugen | 265004005 | /start 
| Sun Dec 10 14:11:34 2017 | 265004005    | Makin Eugen | 265004005 | Что делать, если наступил страховой случай 🏥 
| Sun Dec 10 14:11:37 2017 | 265004005    | Makin Eugen | 265004005 | Отмена поездки 
| Sun Dec 10 14:11:39 2017 | 265004005    | Makin Eugen | 265004005 | Список необходимых документов 
| Sun Dec 10 14:12:04 2017 | 265004005    | Makin Eugen | 265004005 | Главное меню 🏠 
| Sun Dec 10 14:12:36 2017 | 265004005    | Makin Eugen | 265004005 | Обратная связь 📝 
| Sun Dec 10 14:12:45 2017 | 265004005    | Makin Eugen | 265004005 | Оадшаок 
| Sun Dec 10 14:12:47 2017 | 265004005    | Makin Eugen | 265004005 | Оставить свои пожелания по работе чат-бота 
| Sun Dec 10 14:12:49 2017 | 265004005    | Makin Eugen | 265004005 | Алалла 
| Sun Dec 10 14:12:50 2017 | 265004005    | Makin Eugen | 265004005 | Главное меню 🏠 
| Sun Dec 10 14:12:52 2017 | 265004005    | Makin Eugen | 265004005 | Документы 📒 
| Sun Dec 10 14:12:53 2017 | 265004005    | Makin Eugen | 265004005 | Правила страхования 
| Sun Dec 10 14:12:55 2017 | 265004005    | Makin Eugen | 265004005 | 1)Правила страхования медицинских расходов 
| Sun Dec 10 14:12:56 2017 | 265004005    | Makin Eugen | 265004005 | Главное меню 🏠 
| Sun Dec 10 14:12:58 2017 | 265004005    | Makin Eugen | 265004005 | Наши организации на карте 🗺 
| Sun Dec 10 14:12:59 2017 | 265004005    | Makin Eugen | 265004005 | Клиники "Будь здоров" 🦋 
| Sun Dec 10 14:13:03 2017 | 265004005    | Makin Eugen | 265004005 | None 
| Sun Dec 10 14:13:04 2017 | 265004005    | Makin Eugen | 265004005 | Главное меню 🏠 
| Sun Dec 10 14:13:06 2017 | 265004005    | Makin Eugen | 265004005 | Что делать, если наступил страховой случай 🏥 
| Sun Dec 10 14:13:08 2017 | 265004005    | Makin Eugen | 265004005 | Отмена поездки 
| Sun Dec 10 14:13:09 2017 | 265004005    | Makin Eugen | 265004005 | Список необходимых документов 
| Sun Dec 10 14:16:51 2017 | 265004005    | Makin Eugen | 265004005 | Главное меню 🏠 
| Sun Dec 10 14:16:56 2017 | 265004005    | Makin Eugen | 265004005 | Что делать, если наступил страховой случай 🏥 
| Sun Dec 10 14:17:01 2017 | 265004005    | Makin Eugen | 265004005 | Отмена поездки 
| Sun Dec 10 14:17:03 2017 | 265004005    | Makin Eugen | 265004005 | Список необходимых документов 
| Sun Dec 10 14:18:58 2017 | 265004005    | Makin Eugen | 265004005 | Главное меню 🏠 
| Sun Dec 10 14:19:02 2017 | 265004005    | Makin Eugen | 265004005 | Что делать, если наступил страховой случай 🏥 
| Sun Dec 10 14:19:05 2017 | 265004005    | Makin Eugen | 265004005 | Отмена поездки 
| Sun Dec 10 14:19:08 2017 | 265004005    | Makin Eugen | 265004005 | Список необходимых документов 
| Sun Dec 10 14:21:36 2017 | 265004005    | Makin Eugen | 265004005 | Главное меню 🏠 
| Sun Dec 10 14:21:41 2017 | 265004005    | Makin Eugen | 265004005 | Что делать, если наступил страховой случай 🏥 
| Sun Dec 10 14:21:44 2017 | 265004005    | Makin Eugen | 265004005 | Отмена поездки 
| Sun Dec 10 14:21:46 2017 | 265004005    | Makin Eugen | 265004005 | Список необходимых документов 
| Sun Dec 10 14:21:49 2017 | 265004005    | Makin Eugen | 265004005 | Заявление об отмене поездки 
| Sun Dec 10 14:21:52 2017 | 265004005    | Makin Eugen | 265004005 | Образцы заявлений 
| Sun Dec 10 14:23:20 2017 | 265004005    | Makin Eugen | 265004005 | Главное меню 🏠 
| Sun Dec 10 14:23:22 2017 | 265004005    | Makin Eugen | 265004005 | Что делать, если наступил страховой случай 🏥 
| Sun Dec 10 14:23:28 2017 | 265004005    | Makin Eugen | 265004005 | Отмена поездки 
| Sun Dec 10 14:23:30 2017 | 265004005    | Makin Eugen | 265004005 | Список необходимых документов 
| Sun Dec 10 14:23:36 2017 | 265004005    | Makin Eugen | 265004005 | Подтверждение расходов 
| Sun Dec 10 14:23:43 2017 | 265004005    | Makin Eugen | 265004005 | Образцы заявлений 
| Sun Dec 10 14:23:53 2017 | 265004005    | Makin Eugen | 265004005 | 3)Случился невыезд 
| Sun Dec 10 14:24:39 2017 | 143071995    | D L | 143071995 | /start 
| Sun Dec 10 14:24:42 2017 | 143071995    | D L | 143071995 | Sign up 
| Sun Dec 10 14:24:50 2017 | 143071995    | D L | 143071995 | Y 
| Sun Dec 10 14:24:55 2017 | 143071995    | D L | 143071995 | Стикеры 🐦 
| Sun Dec 10 14:25:06 2017 | 143071995    | D L | 143071995 | Стикеры 🐦 
| Sun Dec 10 14:25:24 2017 | 143071995    | D L | 143071995 | Погода ☔ 
| Sun Dec 10 14:25:29 2017 | 143071995    | D L | 143071995 | Завтра утром 
| Sun Dec 10 14:25:31 2017 | 143071995    | D L | 143071995 | Указать город 
| Sun Dec 10 14:25:35 2017 | 143071995    | D L | 143071995 | Moscow 
| Sun Dec 10 14:25:36 2017 | 143071995    | D L | 143071995 | Moscow 
| Sun Dec 10 14:25:43 2017 | 143071995    | D L | 143071995 | Главное меню 🏠 
| Sun Dec 10 14:25:47 2017 | 143071995    | D L | 143071995 | Обратная связь 📝 
| Sun Dec 10 14:25:51 2017 | 143071995    | D L | 143071995 | Главное меню 🏠 
| Sun Dec 10 14:25:53 2017 | 143071995    | D L | 143071995 | Контакты ☎ 
| Sun Dec 10 14:25:55 2017 | 143071995    | D L | 143071995 | Главное меню 🏠 
| Sun Dec 10 14:25:56 2017 | 143071995    | D L | 143071995 | Что делать, если наступил страховой случай 🏥 
| Sun Dec 10 14:25:58 2017 | 143071995    | D L | 143071995 | Пропажа багажа 
| Sun Dec 10 14:26:00 2017 | 143071995    | D L | 143071995 | Бирки 
| Sun Dec 10 14:26:01 2017 | 143071995    | D L | 143071995 | Правила страхования 
| Sun Dec 10 14:26:03 2017 | 143071995    | D L | 143071995 | 3)Правила страхования багажа 
| Sun Dec 10 14:26:05 2017 | 143071995    | D L | 143071995 | Главное меню 🏠 
| Sun Dec 10 14:26:12 2017 | 143071995    | D L | 143071995 | Документы 📒 
| Sun Dec 10 14:26:14 2017 | 143071995    | D L | 143071995 | Образцы заявлений 
| Sun Dec 10 14:26:16 2017 | 143071995    | D L | 143071995 | 4)Страховой случай, связанный с невыездом вашего ребенка 
| Sun Dec 10 14:26:17 2017 | 143071995    | D L | 143071995 | Главное меню 🏠 
| Sun Dec 10 14:26:18 2017 | 143071995    | D L | 143071995 | Что делать, если наступил страховой случай 🏥 
| Sun Dec 10 14:26:20 2017 | 143071995    | D L | 143071995 | Отмена поездки 
| Sun Dec 10 14:26:21 2017 | 143071995    | D L | 143071995 | Список необходимых документов 
| Sun Dec 10 14:26:23 2017 | 143071995    | D L | 143071995 | Полис 
| Sun Dec 10 14:26:31 2017 | 143071995    | D L | 143071995 | Правила страхования 
| Sun Dec 10 14:26:42 2017 | 222844404    | Андрей Евланичев | 222844404 | Aaa 
| Sun Dec 10 14:26:49 2017 | 222844404    | Андрей Евланичев | 222844404 | Start 
| Sun Dec 10 14:26:55 2017 | 222844404    | Андрей Евланичев | 222844404 | Aaa 
| Sun Dec 10 14:27:04 2017 | 222844404    | Андрей Евланичев | 222844404 | Sign up 
| Sun Dec 10 14:27:08 2017 | 222844404    | Андрей Евланичев | 222844404 | Aaa 
| Sun Dec 10 14:27:08 2017 | 265004005    | Makin Eugen | 265004005 | /start 
| Sun Dec 10 14:27:14 2017 | 265004005    | Makin Eugen | 265004005 | Наши организации на карте 🗺 
| Sun Dec 10 14:27:17 2017 | 265004005    | Makin Eugen | 265004005 | Клиники "Будь здоров" 🦋 
| Sun Dec 10 14:27:18 2017 | 222844404    | Андрей Евланичев | 222844404 | Что делать, если наступил страховой случай 🏥 
| Sun Dec 10 14:27:23 2017 | 265004005    | Makin Eugen | 265004005 | None 
| Sun Dec 10 14:27:25 2017 | 265004005    | Makin Eugen | 265004005 | Главное меню 🏠 
| Sun Dec 10 14:27:29 2017 | 222844404    | Андрей Евланичев | 222844404 | Несчастный случай 
| Sun Dec 10 14:27:32 2017 | 222844404    | Андрей Евланичев | 222844404 | Ожог 
| Sun Dec 10 14:28:15 2017 | 265004005    | Makin Eugen | 265004005 | Погода ☔ 
| Sun Dec 10 14:28:17 2017 | 265004005    | Makin Eugen | 265004005 | Сейчас 
| Sun Dec 10 14:28:21 2017 | 265004005    | Makin Eugen | 265004005 | None 
| Sun Dec 10 14:28:23 2017 | 265004005    | Makin Eugen | 265004005 | Главное меню 🏠 
